2022-11-20 20:47:57,539 INFO Введено число 7
2022-11-20 20:47:57,539 INFO Введено число 3
2022-11-20 20:47:57,539 INFO Компьютер загадал число  6
2022-11-20 20:47:58,521 INFO попытка 1 Введено 1
2022-11-20 20:47:59,186 INFO попытка 2 Введено 2
2022-11-20 20:48:00,845 INFO попытка 3 Введено 7
2022-11-20 20:48:00,845 INFO попытки закончились
2022-11-20 20:48:11,917 INFO Введено число 10
2022-11-20 20:48:11,917 INFO Введено число 5
2022-11-20 20:48:11,917 INFO Компьютер загадал число  1
2022-11-20 20:48:13,119 INFO попытка 1 Введено 1
2022-11-20 20:48:13,120 INFO Число 1 угадано VINN !!! VINN !!! VINN !!! 
2022-11-20 22:11:44,999 INFO Введено число 7
2022-11-20 22:11:45,000 INFO Введено число 3
2022-11-20 22:11:45,001 INFO Компьютер загадал число  1
2022-11-20 22:11:46,307 INFO попытка 1 Введено 1
2022-11-20 22:11:46,307 INFO Число 1 угадано VINN !!! VINN !!! VINN !!! 
2022-11-20 22:12:27,024 INFO Введено число 10
2022-11-20 22:12:27,024 INFO Введено число 5
2022-11-20 22:12:27,024 INFO Компьютер загадал число  2
2022-11-20 22:12:27,801 INFO попытка 1 Введено 2
2022-11-20 22:12:27,801 INFO Число 2 угадано VINN !!! VINN !!! VINN !!! 
2022-11-20 22:12:34,905 INFO Введено число 10
2022-11-20 22:12:34,905 INFO Введено число 5
2022-11-20 22:12:34,905 INFO Компьютер загадал число  7
2022-11-20 22:12:36,312 INFO попытка 1 Введено 6
2022-11-20 22:12:37,064 INFO попытка 2 Введено 7
2022-11-20 22:12:37,064 INFO Число 7 угадано VINN !!! VINN !!! VINN !!! 
